\BOOKMARK [1][-]{section.1}{\376\377\000O\000v\000e\000r\000v\000i\000e\000w}{}% 1
\BOOKMARK [2][-]{subsection.1.1}{\376\377\000B\000a\000s\000e\000\040\000U\000R\000L\000s}{section.1}% 2
\BOOKMARK [2][-]{subsection.1.2}{\376\377\000A\000u\000t\000h\000e\000n\000t\000i\000c\000a\000t\000i\000o\000n}{section.1}% 3
\BOOKMARK [2][-]{subsection.1.3}{\376\377\000R\000e\000s\000p\000o\000n\000s\000e\000\040\000F\000o\000r\000m\000a\000t}{section.1}% 4
\BOOKMARK [3][-]{subsubsection.1.3.1}{\376\377\000S\000u\000c\000c\000e\000s\000s\000\040\000R\000e\000s\000p\000o\000n\000s\000e}{subsection.1.3}% 5
\BOOKMARK [3][-]{subsubsection.1.3.2}{\376\377\000E\000r\000r\000o\000r\000\040\000R\000e\000s\000p\000o\000n\000s\000e}{subsection.1.3}% 6
\BOOKMARK [1][-]{section.2}{\376\377\000E\000n\000d\000p\000o\000i\000n\000t\000s}{}% 7
\BOOKMARK [2][-]{subsection.2.1}{\376\377\000M\000i\000s\000c}{section.2}% 8
\BOOKMARK [2][-]{subsection.2.2}{\376\377\000I\000s\000s\000u\000e\000s}{section.2}% 9
\BOOKMARK [2][-]{subsection.2.3}{\376\377\000J\000o\000u\000r\000n\000e\000y}{section.2}% 10
\BOOKMARK [2][-]{subsection.2.4}{\376\377\000A\000u\000t\000h}{section.2}% 11
\BOOKMARK [2][-]{subsection.2.5}{\376\377\000C\000o\000m\000m\000u\000n\000i\000t\000y}{section.2}% 12
\BOOKMARK [2][-]{subsection.2.6}{\376\377\000E\000c\000o\000n\000o\000m\000y}{section.2}% 13
\BOOKMARK [2][-]{subsection.2.7}{\376\377\000H\000a\000n\000g\000o\000u\000t\000s}{section.2}% 14
\BOOKMARK [2][-]{subsection.2.8}{\376\377\000M\000e\000s\000s\000a\000g\000i\000n\000g}{section.2}% 15
\BOOKMARK [2][-]{subsection.2.9}{\376\377\000T\000i\000p\000s}{section.2}% 16
\BOOKMARK [2][-]{subsection.2.10}{\376\377\000P\000r\000e\000s\000c\000r\000i\000p\000t\000i\000o\000n}{section.2}% 17
\BOOKMARK [2][-]{subsection.2.11}{\376\377\000S\000t\000a\000t\000s}{section.2}% 18
\BOOKMARK [2][-]{subsection.2.12}{\376\377\000W\000o\000r\000k\000o\000u\000t\000s}{section.2}% 19
\BOOKMARK [1][-]{section.3}{\376\377\000R\000a\000t\000e\000\040\000L\000i\000m\000i\000t\000i\000n\000g}{}% 20
\BOOKMARK [1][-]{section.4}{\376\377\000H\000e\000a\000l\000t\000h\000\040\000C\000h\000e\000c\000k}{}% 21
