\BOOKMARK [0][-]{part.1}{\376\377\000I\000\040\000I\000n\000t\000r\000o\000d\000u\000c\000t\000i\000o\000n}{}% 1
\BOOKMARK [1][-]{section.1}{\376\377\000A\000b\000o\000u\000t\000\040\000M\000u\000s\000c\000l\000e\000M\000a\000p}{part.1}% 2
\BOOKMARK [2][-]{subsection.1.1}{\376\377\000K\000e\000y\000\040\000F\000e\000a\000t\000u\000r\000e\000s}{section.1}% 3
\BOOKMARK [2][-]{subsection.1.2}{\376\377\000T\000e\000c\000h\000n\000o\000l\000o\000g\000y\000\040\000H\000i\000g\000h\000l\000i\000g\000h\000t\000s}{section.1}% 4
\BOOKMARK [0][-]{part.2}{\376\377\000I\000I\000\040\000A\000r\000c\000h\000i\000t\000e\000c\000t\000u\000r\000e}{}% 5
\BOOKMARK [1][-]{section.2}{\376\377\000O\000v\000e\000r\000v\000i\000e\000w}{part.2}% 6
\BOOKMARK [2][-]{subsection.2.1}{\376\377\000D\000e\000s\000i\000g\000n\000\040\000P\000r\000i\000n\000c\000i\000p\000l\000e\000s}{section.2}% 7
\BOOKMARK [1][-]{section.3}{\376\377\000T\000e\000c\000h\000n\000o\000l\000o\000g\000y\000\040\000S\000t\000a\000c\000k}{part.2}% 8
\BOOKMARK [1][-]{section.4}{\376\377\000P\000a\000c\000k\000a\000g\000e\000s}{part.2}% 9
\BOOKMARK [1][-]{section.5}{\376\377\000F\000r\000o\000n\000t\000e\000n\000d\000\040\000P\000a\000g\000e\000s}{part.2}% 10
\BOOKMARK [1][-]{section.6}{\376\377\000A\000P\000I\000\040\000E\000n\000d\000p\000o\000i\000n\000t\000s}{part.2}% 11
\BOOKMARK [1][-]{section.7}{\376\377\000D\000a\000t\000a\000\040\000F\000l\000o\000w}{part.2}% 12
\BOOKMARK [1][-]{section.8}{\376\377\000B\000u\000i\000l\000d\000\040\000P\000r\000o\000c\000e\000s\000s}{part.2}% 13
\BOOKMARK [1][-]{section.9}{\376\377\000S\000c\000r\000i\000p\000t\000s}{part.2}% 14
\BOOKMARK [0][-]{part.3}{\376\377\000I\000I\000I\000\040\000A\000P\000I\000\040\000R\000e\000f\000e\000r\000e\000n\000c\000e}{}% 15
\BOOKMARK [1][-]{section.10}{\376\377\000O\000v\000e\000r\000v\000i\000e\000w}{part.3}% 16
\BOOKMARK [2][-]{subsection.10.1}{\376\377\000B\000a\000s\000e\000\040\000U\000R\000L\000s}{section.10}% 17
\BOOKMARK [2][-]{subsection.10.2}{\376\377\000A\000u\000t\000h\000e\000n\000t\000i\000c\000a\000t\000i\000o\000n}{section.10}% 18
\BOOKMARK [2][-]{subsection.10.3}{\376\377\000R\000e\000s\000p\000o\000n\000s\000e\000\040\000F\000o\000r\000m\000a\000t}{section.10}% 19
\BOOKMARK [3][-]{subsubsection.10.3.1}{\376\377\000S\000u\000c\000c\000e\000s\000s\000\040\000R\000e\000s\000p\000o\000n\000s\000e}{subsection.10.3}% 20
\BOOKMARK [3][-]{subsubsection.10.3.2}{\376\377\000E\000r\000r\000o\000r\000\040\000R\000e\000s\000p\000o\000n\000s\000e}{subsection.10.3}% 21
\BOOKMARK [1][-]{section.11}{\376\377\000E\000n\000d\000p\000o\000i\000n\000t\000s}{part.3}% 22
\BOOKMARK [2][-]{subsection.11.1}{\376\377\000M\000i\000s\000c}{section.11}% 23
\BOOKMARK [2][-]{subsection.11.2}{\376\377\000I\000s\000s\000u\000e\000s}{section.11}% 24
\BOOKMARK [2][-]{subsection.11.3}{\376\377\000J\000o\000u\000r\000n\000e\000y}{section.11}% 25
\BOOKMARK [2][-]{subsection.11.4}{\376\377\000A\000u\000t\000h}{section.11}% 26
\BOOKMARK [2][-]{subsection.11.5}{\376\377\000C\000o\000m\000m\000u\000n\000i\000t\000y}{section.11}% 27
\BOOKMARK [2][-]{subsection.11.6}{\376\377\000E\000c\000o\000n\000o\000m\000y}{section.11}% 28
\BOOKMARK [2][-]{subsection.11.7}{\376\377\000H\000a\000n\000g\000o\000u\000t\000s}{section.11}% 29
\BOOKMARK [2][-]{subsection.11.8}{\376\377\000M\000e\000s\000s\000a\000g\000i\000n\000g}{section.11}% 30
\BOOKMARK [2][-]{subsection.11.9}{\376\377\000T\000i\000p\000s}{section.11}% 31
\BOOKMARK [2][-]{subsection.11.10}{\376\377\000P\000r\000e\000s\000c\000r\000i\000p\000t\000i\000o\000n}{section.11}% 32
\BOOKMARK [2][-]{subsection.11.11}{\376\377\000S\000t\000a\000t\000s}{section.11}% 33
\BOOKMARK [2][-]{subsection.11.12}{\376\377\000W\000o\000r\000k\000o\000u\000t\000s}{section.11}% 34
\BOOKMARK [1][-]{section.12}{\376\377\000R\000a\000t\000e\000\040\000L\000i\000m\000i\000t\000i\000n\000g}{part.3}% 35
\BOOKMARK [1][-]{section.13}{\376\377\000H\000e\000a\000l\000t\000h\000\040\000C\000h\000e\000c\000k}{part.3}% 36
\BOOKMARK [0][-]{part.4}{\376\377\000I\000V\000\040\000F\000e\000a\000t\000u\000r\000e\000s}{}% 37
\BOOKMARK [1][-]{section.14}{\376\377\000O\000v\000e\000r\000v\000i\000e\000w}{part.4}% 38
\BOOKMARK [1][-]{section.15}{\376\377\000C\000o\000r\000e\000\040\000F\000e\000a\000t\000u\000r\000e\000s}{part.4}% 39
\BOOKMARK [2][-]{subsection.15.1}{\376\377\000R\000e\000a\000l\000-\000T\000i\000m\000e\000\040\000M\000u\000s\000c\000l\000e\000\040\000V\000i\000s\000u\000a\000l\000i\000z\000a\000t\000i\000o\000n}{section.15}% 40
\BOOKMARK [2][-]{subsection.15.2}{\376\377\000W\000o\000r\000k\000o\000u\000t\000\040\000T\000r\000a\000c\000k\000i\000n\000g}{section.15}% 41
\BOOKMARK [2][-]{subsection.15.3}{\376\377\000E\000x\000e\000r\000c\000i\000s\000e\000\040\000L\000i\000b\000r\000a\000r\000y}{section.15}% 42
\BOOKMARK [1][-]{section.16}{\376\377\000C\000o\000m\000m\000u\000n\000i\000t\000y\000\040\000F\000e\000a\000t\000u\000r\000e\000s}{part.4}% 43
\BOOKMARK [2][-]{subsection.16.1}{\376\377\000S\000o\000c\000i\000a\000l\000\040\000I\000n\000t\000e\000g\000r\000a\000t\000i\000o\000n}{section.16}% 44
\BOOKMARK [2][-]{subsection.16.2}{\376\377\000L\000o\000c\000a\000t\000i\000o\000n\000\040\000S\000e\000r\000v\000i\000c\000e\000s}{section.16}% 45
\BOOKMARK [1][-]{section.17}{\376\377\000G\000a\000m\000i\000f\000i\000c\000a\000t\000i\000o\000n}{part.4}% 46
\BOOKMARK [1][-]{section.18}{\376\377\000T\000e\000c\000h\000n\000i\000c\000a\000l\000\040\000F\000e\000a\000t\000u\000r\000e\000s}{part.4}% 47
\BOOKMARK [2][-]{subsection.18.1}{\376\377\000I\000c\000o\000n\000\040\000S\000y\000s\000t\000e\000m}{section.18}% 48
\BOOKMARK [2][-]{subsection.18.2}{\376\377\000D\000e\000s\000i\000g\000n\000\040\000S\000y\000s\000t\000e\000m}{section.18}% 49
\BOOKMARK [1][-]{section.19}{\376\377\000M\000o\000b\000i\000l\000e\000\040\000A\000p\000p}{part.4}% 50
\BOOKMARK [1][-]{section.20}{\376\377\000P\000a\000g\000e\000s\000\040\000R\000e\000f\000e\000r\000e\000n\000c\000e}{part.4}% 51
\BOOKMARK [0][-]{part.5}{\376\377\000V\000\040\000A\000p\000p\000e\000n\000d\000i\000x}{}% 52
\BOOKMARK [1][-]{section.21}{\376\377\000L\000i\000n\000k\000s}{part.5}% 53
\BOOKMARK [1][-]{section.22}{\376\377\000C\000o\000n\000t\000a\000c\000t}{part.5}% 54
